<?xml version="1.0" encoding="UTF-8" standalone="yes"?><!DOCTYPE report PUBLIC "-//JACOCO//DTD Report 1.1//EN" "report.dtd"><report name="JUnit_Demo"><sessioninfo id="LouisDohWork-8255798" start="1709567992353" dump="1709567992667"/><package name="org/example"><class name="org/example/Main" sourcefilename="Main.java"><method name="&lt;init&gt;" desc="()V" line="6"><counter type="INSTRUCTION" missed="3" covered="0"/><counter type="LINE" missed="1" covered="0"/><counter type="COMPLEXITY" missed="1" covered="0"/><counter type="METHOD" missed="1" covered="0"/></method><method name="main" desc="([Ljava/lang/String;)V" line="9"><counter type="INSTRUCTION" missed="5" covered="0"/><counter type="LINE" missed="2" covered="0"/><counter type="COMPLEXITY" missed="1" covered="0"/><counter type="METHOD" missed="1" covered="0"/></method><counter type="INSTRUCTION" missed="8" covered="0"/><counter type="LINE" missed="3" covered="0"/><counter type="COMPLEXITY" missed="2" covered="0"/><counter type="METHOD" missed="2" covered="0"/><counter type="CLASS" missed="1" covered="0"/></class><class name="org/example/Utils" sourcefilename="Utils.java"><method name="&lt;init&gt;" desc="()V" line="4"><counter type="INSTRUCTION" missed="3" covered="0"/><counter type="LINE" missed="1" covered="0"/><counter type="COMPLEXITY" missed="1" covered="0"/><counter type="METHOD" missed="1" covered="0"/></method><method name="isPrime" desc="(I)Z" line="7"><counter type="INSTRUCTION" missed="0" covered="19"/><counter type="BRANCH" missed="0" covered="4"/><counter type="LINE" missed="0" covered="4"/><counter type="COMPLEXITY" missed="0" covered="3"/><counter type="METHOD" missed="0" covered="1"/></method><method name="reverse" desc="(Ljava/lang/String;)Ljava/lang/String;" line="16"><counter type="INSTRUCTION" missed="17" covered="0"/><counter type="BRANCH" missed="2" covered="0"/><counter type="LINE" missed="4" covered="0"/><counter type="COMPLEXITY" missed="2" covered="0"/><counter type="METHOD" missed="1" covered="0"/></method><method name="somethingRandom" desc="(Ljava/util/Random;)I" line="25"><counter type="INSTRUCTION" missed="4" covered="0"/><counter type="LINE" missed="1" covered="0"/><counter type="COMPLEXITY" missed="1" covered="0"/><counter type="METHOD" missed="1" covered="0"/></method><counter type="INSTRUCTION" missed="24" covered="19"/><counter type="BRANCH" missed="2" covered="4"/><counter type="LINE" missed="6" covered="4"/><counter type="COMPLEXITY" missed="4" covered="3"/><counter type="METHOD" missed="3" covered="1"/><counter type="CLASS" missed="0" covered="1"/></class><sourcefile name="Main.java"><line nr="6" mi="3" ci="0" mb="0" cb="0"/><line nr="9" mi="4" ci="0" mb="0" cb="0"/><line nr="10" mi="1" ci="0" mb="0" cb="0"/><counter type="INSTRUCTION" missed="8" covered="0"/><counter type="LINE" missed="3" covered="0"/><counter type="COMPLEXITY" missed="2" covered="0"/><counter type="METHOD" missed="2" covered="0"/><counter type="CLASS" missed="1" covered="0"/></sourcefile><sourcefile name="Utils.java"><line nr="4" mi="3" ci="0" mb="0" cb="0"/><line nr="7" mi="0" ci="11" mb="0" cb="2"/><line nr="8" mi="0" ci="4" mb="0" cb="2"/><line nr="9" mi="0" ci="2" mb="0" cb="0"/><line nr="12" mi="0" ci="2" mb="0" cb="0"/><line nr="16" mi="2" ci="0" mb="0" cb="0"/><line nr="17" mi="7" ci="0" mb="2" cb="0"/><line nr="18" mi="6" ci="0" mb="0" cb="0"/><line nr="20" mi="2" ci="0" mb="0" cb="0"/><line nr="25" mi="4" ci="0" mb="0" cb="0"/><counter type="INSTRUCTION" missed="24" covered="19"/><counter type="BRANCH" missed="2" covered="4"/><counter type="LINE" missed="6" covered="4"/><counter type="COMPLEXITY" missed="4" covered="3"/><counter type="METHOD" missed="3" covered="1"/><counter type="CLASS" missed="0" covered="1"/></sourcefile><counter type="INSTRUCTION" missed="32" covered="19"/><counter type="BRANCH" missed="2" covered="4"/><counter type="LINE" missed="9" covered="4"/><counter type="COMPLEXITY" missed="6" covered="3"/><counter type="METHOD" missed="5" covered="1"/><counter type="CLASS" missed="1" covered="1"/></package><counter type="INSTRUCTION" missed="32" covered="19"/><counter type="BRANCH" missed="2" covered="4"/><counter type="LINE" missed="9" covered="4"/><counter type="COMPLEXITY" missed="6" covered="3"/><counter type="METHOD" missed="5" covered="1"/><counter type="CLASS" missed="1" covered="1"/></report>